\BOOKMARK [0][-]{chapter.1}{\376\377\0001\000\040\000A\000d\000m\000o\000n\000i\000t\000i\000o\000n\000s}{}% 1
\BOOKMARK [1][-]{section.1.1}{\376\377\0001\000.\0001\000\040\000A\000d\000m\000o\000n\000i\000t\000i\000o\000n\000s\000\040\0001}{chapter.1}% 2
\BOOKMARK [2][-]{subsection.1.1.1}{\376\377\0001\000.\0001\000.\0001\000\040\000H\000e\000a\000d\000e\000r\000\040\000t\000w\000o}{section.1.1}% 3
\BOOKMARK [3][-]{subsubsection.1.1.1.1}{\376\377\0001\000.\0001\000.\0001\000.\0001\000\040\000H\000e\000a\000d\000e\000r\000\040\000t\000h\000r\000e\000e}{subsection.1.1.1}% 4
\BOOKMARK [4][-]{paragraph.1.1.1.1.1}{\376\377\0001\000.\0001\000.\0001\000.\0001\000.\0001\000\040\000H\000e\000a\000d\000e\000r\000\040\000f\000o\000u\000r}{subsubsection.1.1.1.1}% 5
\BOOKMARK [5][-]{subparagraph.1.1.1.1.1.1}{\376\377\0001\000.\0001\000.\0001\000.\0001\000.\0001\000.\0001\000\040\000H\000e\000a\000d\000e\000r\000\040\000f\000i\000v\000e}{paragraph.1.1.1.1.1}% 6
\BOOKMARK [5][-]{subparagraph.1.1.1.1.1.2}{\376\377\0001\000.\0001\000.\0001\000.\0001\000.\0001\000.\0002\000\040\000H\000e\000a\000d\000e\000r\000\040\000s\000i\000x}{paragraph.1.1.1.1.1}% 7
\BOOKMARK [1][-]{section.1.2}{\376\377\0001\000.\0002\000\040\000A\000d\000m\000o\000n\000i\000t\000i\000o\000n\000s\000\040\0002}{chapter.1}% 8
\BOOKMARK [2][-]{subsection.1.2.1}{\376\377\0001\000.\0002\000.\0001\000\040\000H\000e\000a\000d\000e\000r\000\040\000t\000w\000o}{section.1.2}% 9
\BOOKMARK [3][-]{subsubsection.1.2.1.1}{\376\377\0001\000.\0002\000.\0001\000.\0001\000\040\000H\000e\000a\000d\000e\000r\000\040\000t\000h\000r\000e\000e}{subsection.1.2.1}% 10
\BOOKMARK [4][-]{paragraph.1.2.1.1.1}{\376\377\0001\000.\0002\000.\0001\000.\0001\000.\0001\000\040\000H\000e\000a\000d\000e\000r\000\040\000f\000o\000u\000r}{subsubsection.1.2.1.1}% 11
\BOOKMARK [5][-]{subparagraph.1.2.1.1.1.1}{\376\377\0001\000.\0002\000.\0001\000.\0001\000.\0001\000.\0001\000\040\000H\000e\000a\000d\000e\000r\000\040\000f\000i\000v\000e}{paragraph.1.2.1.1.1}% 12
\BOOKMARK [5][-]{subparagraph.1.2.1.1.1.2}{\376\377\0001\000.\0002\000.\0001\000.\0001\000.\0001\000.\0002\000\040\000H\000e\000a\000d\000e\000r\000\040\000s\000i\000x}{paragraph.1.2.1.1.1}% 13
\BOOKMARK [1][-]{section.1.3}{\376\377\0001\000.\0003\000\040\000A\000d\000m\000o\000n\000i\000t\000i\000o\000n\000s\000\040\0003}{chapter.1}% 14
\BOOKMARK [2][-]{subsection.1.3.1}{\376\377\0001\000.\0003\000.\0001\000\040\000H\000e\000a\000d\000e\000r\000\040\000t\000w\000o}{section.1.3}% 15
\BOOKMARK [3][-]{subsubsection.1.3.1.1}{\376\377\0001\000.\0003\000.\0001\000.\0001\000\040\000H\000e\000a\000d\000e\000r\000\040\000t\000h\000r\000e\000e}{subsection.1.3.1}% 16
\BOOKMARK [4][-]{paragraph.1.3.1.1.1}{\376\377\0001\000.\0003\000.\0001\000.\0001\000.\0001\000\040\000H\000e\000a\000d\000e\000r\000\040\000f\000o\000u\000r}{subsubsection.1.3.1.1}% 17
\BOOKMARK [5][-]{subparagraph.1.3.1.1.1.1}{\376\377\0001\000.\0003\000.\0001\000.\0001\000.\0001\000.\0001\000\040\000H\000e\000a\000d\000e\000r\000\040\000f\000i\000v\000e}{paragraph.1.3.1.1.1}% 18
\BOOKMARK [5][-]{subparagraph.1.3.1.1.1.2}{\376\377\0001\000.\0003\000.\0001\000.\0001\000.\0001\000.\0002\000\040\000H\000e\000a\000d\000e\000r\000\040\000s\000i\000x}{paragraph.1.3.1.1.1}% 19
\BOOKMARK [1][-]{section.1.4}{\376\377\0001\000.\0004\000\040\000H\000e\000a\000d\000e\000r\000\040\000t\000w\000o}{chapter.1}% 20
\BOOKMARK [2][-]{subsection.1.4.1}{\376\377\0001\000.\0004\000.\0001\000\040\000H\000e\000a\000d\000e\000r\000\040\000t\000h\000r\000e\000e}{section.1.4}% 21
\BOOKMARK [3][-]{subsubsection.1.4.1.1}{\376\377\0001\000.\0004\000.\0001\000.\0001\000\040\000H\000e\000a\000d\000e\000r\000\040\000f\000o\000u\000r}{subsection.1.4.1}% 22
\BOOKMARK [4][-]{paragraph.1.4.1.1.1}{\376\377\0001\000.\0004\000.\0001\000.\0001\000.\0001\000\040\000H\000e\000a\000d\000e\000r\000\040\000f\000i\000v\000e}{subsubsection.1.4.1.1}% 23
\BOOKMARK [5][-]{subparagraph.1.4.1.1.1.1}{\376\377\0001\000.\0004\000.\0001\000.\0001\000.\0001\000.\0001\000\040\000H\000e\000a\000d\000e\000r\000\040\000s\000i\000x}{paragraph.1.4.1.1.1}% 24
\BOOKMARK [0][-]{chapter.2}{\376\377\0002\000\040\000B\000l\000o\000c\000k\000s}{}% 25
\BOOKMARK [1][-]{section.2.1}{\376\377\0002\000.\0001\000\040\000H\000e\000a\000d\000e\000r\000\040\000t\000w\000o}{chapter.2}% 26
\BOOKMARK [2][-]{subsection.2.1.1}{\376\377\0002\000.\0001\000.\0001\000\040\000H\000e\000a\000d\000e\000r\000\040\000t\000h\000r\000e\000e}{section.2.1}% 27
\BOOKMARK [3][-]{subsubsection.2.1.1.1}{\376\377\0002\000.\0001\000.\0001\000.\0001\000\040\000H\000e\000a\000d\000e\000r\000\040\000f\000o\000u\000r}{subsection.2.1.1}% 28
\BOOKMARK [4][-]{paragraph.2.1.1.1.1}{\376\377\0002\000.\0001\000.\0001\000.\0001\000.\0001\000\040\000H\000e\000a\000d\000e\000r\000\040\000f\000i\000v\000e}{subsubsection.2.1.1.1}% 29
\BOOKMARK [5][-]{subparagraph.2.1.1.1.1.1}{\376\377\0002\000.\0001\000.\0001\000.\0001\000.\0001\000.\0001\000\040\000H\000e\000a\000d\000e\000r\000\040\000s\000i\000x}{paragraph.2.1.1.1.1}% 30
\BOOKMARK [0][-]{chapter.3}{\376\377\0003\000\040\000G\000e\000n\000e\000r\000i\000c\000\040\000i\000t\000e\000m\000s}{}% 31
\BOOKMARK [1][-]{section.3.1}{\376\377\0003\000.\0001\000\040\000H\000e\000a\000d\000e\000r\000\040\000t\000w\000o}{chapter.3}% 32
\BOOKMARK [2][-]{subsection.3.1.1}{\376\377\0003\000.\0001\000.\0001\000\040\000H\000e\000a\000d\000e\000r\000\040\000t\000h\000r\000e\000e}{section.3.1}% 33
\BOOKMARK [3][-]{subsubsection.3.1.1.1}{\376\377\0003\000.\0001\000.\0001\000.\0001\000\040\000H\000e\000a\000d\000e\000r\000\040\000f\000o\000u\000r}{subsection.3.1.1}% 34
\BOOKMARK [4][-]{paragraph.3.1.1.1.1}{\376\377\0003\000.\0001\000.\0001\000.\0001\000.\0001\000\040\000H\000e\000a\000d\000e\000r\000\040\000f\000i\000v\000e}{subsubsection.3.1.1.1}% 35
\BOOKMARK [5][-]{subparagraph.3.1.1.1.1.1}{\376\377\0003\000.\0001\000.\0001\000.\0001\000.\0001\000.\0001\000\040\000H\000e\000a\000d\000e\000r\000\040\000s\000i\000x}{paragraph.3.1.1.1.1}% 36
\BOOKMARK [0][-]{chapter.4}{\376\377\0004\000\040\000L\000i\000s\000t\000s}{}% 37
\BOOKMARK [1][-]{section.4.1}{\376\377\0004\000.\0001\000\040\000H\000e\000a\000d\000e\000r\000\040\000t\000w\000o}{chapter.4}% 38
\BOOKMARK [2][-]{subsection.4.1.1}{\376\377\0004\000.\0001\000.\0001\000\040\000H\000e\000a\000d\000e\000r\000\040\000t\000h\000r\000e\000e}{section.4.1}% 39
\BOOKMARK [3][-]{subsubsection.4.1.1.1}{\376\377\0004\000.\0001\000.\0001\000.\0001\000\040\000H\000e\000a\000d\000e\000r\000\040\000f\000o\000u\000r}{subsection.4.1.1}% 40
\BOOKMARK [4][-]{paragraph.4.1.1.1.1}{\376\377\0004\000.\0001\000.\0001\000.\0001\000.\0001\000\040\000H\000e\000a\000d\000e\000r\000\040\000f\000i\000v\000e}{subsubsection.4.1.1.1}% 41
\BOOKMARK [5][-]{subparagraph.4.1.1.1.1.1}{\376\377\0004\000.\0001\000.\0001\000.\0001\000.\0001\000.\0001\000\040\000H\000e\000a\000d\000e\000r\000\040\000s\000i\000x}{paragraph.4.1.1.1.1}% 42
\BOOKMARK [0][-]{chapter.5}{\376\377\0005\000\040\000S\000t\000r\000u\000c\000t\000u\000r\000a\000l\000\040\000e\000l\000e\000m\000e\000n\000t\000s}{}% 43
\BOOKMARK [1][-]{section.5.1}{\376\377\0005\000.\0001\000\040\000H\000e\000a\000d\000e\000r\000\040\000t\000w\000o}{chapter.5}% 44
\BOOKMARK [2][-]{subsection.5.1.1}{\376\377\0005\000.\0001\000.\0001\000\040\000H\000e\000a\000d\000e\000r\000\040\000t\000h\000r\000e\000e}{section.5.1}% 45
\BOOKMARK [3][-]{subsubsection.5.1.1.1}{\376\377\0005\000.\0001\000.\0001\000.\0001\000\040\000H\000e\000a\000d\000e\000r\000\040\000f\000o\000u\000r}{subsection.5.1.1}% 46
\BOOKMARK [4][-]{paragraph.5.1.1.1.1}{\376\377\0005\000.\0001\000.\0001\000.\0001\000.\0001\000\040\000H\000e\000a\000d\000e\000r\000\040\000f\000i\000v\000e}{subsubsection.5.1.1.1}% 47
\BOOKMARK [5][-]{subparagraph.5.1.1.1.1.1}{\376\377\0005\000.\0001\000.\0001\000.\0001\000.\0001\000.\0001\000\040\000H\000e\000a\000d\000e\000r\000\040\000s\000i\000x}{paragraph.5.1.1.1.1}% 48
\BOOKMARK [0][-]{chapter.6}{\376\377\0006\000\040\000T\000a\000b\000l\000e\000s}{}% 49
\BOOKMARK [1][-]{section.6.1}{\376\377\0006\000.\0001\000\040\000H\000e\000a\000d\000e\000r\000\040\000t\000w\000o}{chapter.6}% 50
\BOOKMARK [2][-]{subsection.6.1.1}{\376\377\0006\000.\0001\000.\0001\000\040\000H\000e\000a\000d\000e\000r\000\040\000t\000h\000r\000e\000e}{section.6.1}% 51
\BOOKMARK [3][-]{subsubsection.6.1.1.1}{\376\377\0006\000.\0001\000.\0001\000.\0001\000\040\000H\000e\000a\000d\000e\000r\000\040\000f\000o\000u\000r}{subsection.6.1.1}% 52
\BOOKMARK [4][-]{paragraph.6.1.1.1.1}{\376\377\0006\000.\0001\000.\0001\000.\0001\000.\0001\000\040\000H\000e\000a\000d\000e\000r\000\040\000f\000i\000v\000e}{subsubsection.6.1.1.1}% 53
\BOOKMARK [5][-]{subparagraph.6.1.1.1.1.1}{\376\377\0006\000.\0001\000.\0001\000.\0001\000.\0001\000.\0001\000\040\000H\000e\000a\000d\000e\000r\000\040\000s\000i\000x}{paragraph.6.1.1.1.1}% 54
\BOOKMARK [0][-]{chapter.7}{\376\377\0007\000\040\000T\000i\000k\000z\000\040\000g\000r\000a\000p\000h\000i\000c\000s}{}% 55
\BOOKMARK [1][-]{section.7.1}{\376\377\0007\000.\0001\000\040\000H\000e\000a\000d\000e\000r\000\040\000t\000w\000o}{chapter.7}% 56
\BOOKMARK [2][-]{subsection.7.1.1}{\376\377\0007\000.\0001\000.\0001\000\040\000H\000e\000a\000d\000e\000r\000\040\000t\000h\000r\000e\000e}{section.7.1}% 57
\BOOKMARK [3][-]{subsubsection.7.1.1.1}{\376\377\0007\000.\0001\000.\0001\000.\0001\000\040\000H\000e\000a\000d\000e\000r\000\040\000f\000o\000u\000r}{subsection.7.1.1}% 58
\BOOKMARK [4][-]{paragraph.7.1.1.1.1}{\376\377\0007\000.\0001\000.\0001\000.\0001\000.\0001\000\040\000H\000e\000a\000d\000e\000r\000\040\000f\000i\000v\000e}{subsubsection.7.1.1.1}% 59
\BOOKMARK [5][-]{subparagraph.7.1.1.1.1.1}{\376\377\0007\000.\0001\000.\0001\000.\0001\000.\0001\000.\0001\000\040\000H\000e\000a\000d\000e\000r\000\040\000s\000i\000x}{paragraph.7.1.1.1.1}% 60
\BOOKMARK [0][-]{chapter.8}{\376\377\0008\000\040\000M\000a\000t\000h\000J\000a\000x\000\040\000r\000e\000n\000d\000e\000r\000s}{}% 61
\BOOKMARK [1][-]{section.8.1}{\376\377\0008\000.\0001\000\040\000H\000e\000a\000d\000e\000r\000\040\000t\000w\000o}{chapter.8}% 62
\BOOKMARK [2][-]{subsection.8.1.1}{\376\377\0008\000.\0001\000.\0001\000\040\000H\000e\000a\000d\000e\000r\000\040\000t\000h\000r\000e\000e}{section.8.1}% 63
\BOOKMARK [3][-]{subsubsection.8.1.1.1}{\376\377\0008\000.\0001\000.\0001\000.\0001\000\040\000H\000e\000a\000d\000e\000r\000\040\000f\000o\000u\000r}{subsection.8.1.1}% 64
\BOOKMARK [4][-]{paragraph.8.1.1.1.1}{\376\377\0008\000.\0001\000.\0001\000.\0001\000.\0001\000\040\000H\000e\000a\000d\000e\000r\000\040\000f\000i\000v\000e}{subsubsection.8.1.1.1}% 65
\BOOKMARK [5][-]{subparagraph.8.1.1.1.1.1}{\376\377\0008\000.\0001\000.\0001\000.\0001\000.\0001\000.\0001\000\040\000H\000e\000a\000d\000e\000r\000\040\000s\000i\000x}{paragraph.8.1.1.1.1}% 66
\BOOKMARK [0][-]{section*.18}{\376\377\000Y\000f\000i\000r\000l\000i\000t}{}% 67
