\BOOKMARK [0][-]{chapter.1}{\376\377\0001\000\040\000F\000j\000\341\000r\000m\000\341\000l\000a\000s\000t\000j\000\363\000r\000n\000u\000n}{}% 1
\BOOKMARK [1][-]{section.1.1}{\376\377\0001\000.\0001\000\040\000H\000e\000a\000d\000e\000r\000\040\000t\000w\000o}{chapter.1}% 2
\BOOKMARK [2][-]{subsection.1.1.1}{\376\377\0001\000.\0001\000.\0001\000\040\000H\000e\000a\000d\000e\000r\000\040\000t\000h\000r\000e\000e}{section.1.1}% 3
\BOOKMARK [3][-]{subsubsection.1.1.1.1}{\376\377\0001\000.\0001\000.\0001\000.\0001\000\040\000H\000e\000a\000d\000e\000r\000\040\000f\000o\000u\000r}{subsection.1.1.1}% 4
\BOOKMARK [4][-]{paragraph.1.1.1.1.1}{\376\377\0001\000.\0001\000.\0001\000.\0001\000.\0001\000\040\000H\000e\000a\000d\000e\000r\000\040\000f\000i\000v\000e}{subsubsection.1.1.1.1}% 5
\BOOKMARK [5][-]{subparagraph.1.1.1.1.1.1}{\376\377\0001\000.\0001\000.\0001\000.\0001\000.\0001\000.\0001\000\040\000H\000e\000a\000d\000e\000r\000\040\000s\000i\000x}{paragraph.1.1.1.1.1}% 6
\BOOKMARK [0][-]{chapter.2}{\376\377\0002\000\040\000V\000e\000x\000t\000i\000r}{}% 7
\BOOKMARK [1][-]{section.2.1}{\376\377\0002\000.\0001\000\040\000H\000e\000a\000d\000e\000r\000\040\000t\000w\000o}{chapter.2}% 8
\BOOKMARK [2][-]{subsection.2.1.1}{\376\377\0002\000.\0001\000.\0001\000\040\000H\000e\000a\000d\000e\000r\000\040\000t\000h\000r\000e\000e}{section.2.1}% 9
\BOOKMARK [3][-]{subsubsection.2.1.1.1}{\376\377\0002\000.\0001\000.\0001\000.\0001\000\040\000H\000e\000a\000d\000e\000r\000\040\000f\000o\000u\000r}{subsection.2.1.1}% 10
\BOOKMARK [4][-]{paragraph.2.1.1.1.1}{\376\377\0002\000.\0001\000.\0001\000.\0001\000.\0001\000\040\000H\000e\000a\000d\000e\000r\000\040\000f\000i\000v\000e}{subsubsection.2.1.1.1}% 11
\BOOKMARK [5][-]{subparagraph.2.1.1.1.1.1}{\376\377\0002\000.\0001\000.\0001\000.\0001\000.\0001\000.\0001\000\040\000H\000e\000a\000d\000e\000r\000\040\000s\000i\000x}{paragraph.2.1.1.1.1}% 12
\BOOKMARK [0][-]{chapter.3}{\376\377\0003\000\040\000T\000\355\000m\000a\000v\000i\000r\000\360\000i\000\040\000p\000e\000n\000i\000n\000g\000a}{}% 13
\BOOKMARK [1][-]{section.3.1}{\376\377\0003\000.\0001\000\040\000H\000e\000a\000d\000e\000r\000\040\000t\000w\000o}{chapter.3}% 14
\BOOKMARK [2][-]{subsection.3.1.1}{\376\377\0003\000.\0001\000.\0001\000\040\000H\000e\000a\000d\000e\000r\000\040\000t\000h\000r\000e\000e}{section.3.1}% 15
\BOOKMARK [3][-]{subsubsection.3.1.1.1}{\376\377\0003\000.\0001\000.\0001\000.\0001\000\040\000H\000e\000a\000d\000e\000r\000\040\000f\000o\000u\000r}{subsection.3.1.1}% 16
\BOOKMARK [4][-]{paragraph.3.1.1.1.1}{\376\377\0003\000.\0001\000.\0001\000.\0001\000.\0001\000\040\000H\000e\000a\000d\000e\000r\000\040\000f\000i\000v\000e}{subsubsection.3.1.1.1}% 17
\BOOKMARK [5][-]{subparagraph.3.1.1.1.1.1}{\376\377\0003\000.\0001\000.\0001\000.\0001\000.\0001\000.\0001\000\040\000H\000e\000a\000d\000e\000r\000\040\000s\000i\000x}{paragraph.3.1.1.1.1}% 18
\BOOKMARK [0][-]{chapter.4}{\376\377\0004\000\040\000\301\000h\000\346\000t\000t\000a\000\040\000o\000g\000\040\000\341\000v\000\366\000x\000t\000u\000n}{}% 19
\BOOKMARK [1][-]{section.4.1}{\376\377\0004\000.\0001\000\040\000H\000e\000a\000d\000e\000r\000\040\000t\000w\000o}{chapter.4}% 20
\BOOKMARK [2][-]{subsection.4.1.1}{\376\377\0004\000.\0001\000.\0001\000\040\000H\000e\000a\000d\000e\000r\000\040\000t\000h\000r\000e\000e}{section.4.1}% 21
\BOOKMARK [3][-]{subsubsection.4.1.1.1}{\376\377\0004\000.\0001\000.\0001\000.\0001\000\040\000H\000e\000a\000d\000e\000r\000\040\000f\000o\000u\000r}{subsection.4.1.1}% 22
\BOOKMARK [4][-]{paragraph.4.1.1.1.1}{\376\377\0004\000.\0001\000.\0001\000.\0001\000.\0001\000\040\000H\000e\000a\000d\000e\000r\000\040\000f\000i\000v\000e}{subsubsection.4.1.1.1}% 23
\BOOKMARK [5][-]{subparagraph.4.1.1.1.1.1}{\376\377\0004\000.\0001\000.\0001\000.\0001\000.\0001\000.\0001\000\040\000H\000e\000a\000d\000e\000r\000\040\000s\000i\000x}{paragraph.4.1.1.1.1}% 24
\BOOKMARK [0][-]{chapter.5}{\376\377\0005\000\040\000S\000k\000u\000l\000d\000a\000b\000r\000\351\000f}{}% 25
\BOOKMARK [1][-]{section.5.1}{\376\377\0005\000.\0001\000\040\000H\000e\000a\000d\000e\000r\000\040\000t\000w\000o}{chapter.5}% 26
\BOOKMARK [2][-]{subsection.5.1.1}{\376\377\0005\000.\0001\000.\0001\000\040\000H\000e\000a\000d\000e\000r\000\040\000t\000h\000r\000e\000e}{section.5.1}% 27
\BOOKMARK [3][-]{subsubsection.5.1.1.1}{\376\377\0005\000.\0001\000.\0001\000.\0001\000\040\000H\000e\000a\000d\000e\000r\000\040\000f\000o\000u\000r}{subsection.5.1.1}% 28
\BOOKMARK [4][-]{paragraph.5.1.1.1.1}{\376\377\0005\000.\0001\000.\0001\000.\0001\000.\0001\000\040\000H\000e\000a\000d\000e\000r\000\040\000f\000i\000v\000e}{subsubsection.5.1.1.1}% 29
\BOOKMARK [5][-]{subparagraph.5.1.1.1.1.1}{\376\377\0005\000.\0001\000.\0001\000.\0001\000.\0001\000.\0001\000\040\000H\000e\000a\000d\000e\000r\000\040\000s\000i\000x}{paragraph.5.1.1.1.1}% 30
\BOOKMARK [0][-]{chapter.6}{\376\377\0006\000\040\000\301\000r\000s\000r\000e\000i\000k\000n\000i\000n\000g\000u\000r\000i\000n\000n}{}% 31
\BOOKMARK [1][-]{section.6.1}{\376\377\0006\000.\0001\000\040\000H\000e\000a\000d\000e\000r\000\040\000t\000w\000o}{chapter.6}% 32
\BOOKMARK [2][-]{subsection.6.1.1}{\376\377\0006\000.\0001\000.\0001\000\040\000H\000e\000a\000d\000e\000r\000\040\000t\000h\000r\000e\000e}{section.6.1}% 33
\BOOKMARK [3][-]{subsubsection.6.1.1.1}{\376\377\0006\000.\0001\000.\0001\000.\0001\000\040\000H\000e\000a\000d\000e\000r\000\040\000f\000o\000u\000r}{subsection.6.1.1}% 34
\BOOKMARK [4][-]{paragraph.6.1.1.1.1}{\376\377\0006\000.\0001\000.\0001\000.\0001\000.\0001\000\040\000H\000e\000a\000d\000e\000r\000\040\000f\000i\000v\000e}{subsubsection.6.1.1.1}% 35
\BOOKMARK [5][-]{subparagraph.6.1.1.1.1.1}{\376\377\0006\000.\0001\000.\0001\000.\0001\000.\0001\000.\0001\000\040\000H\000e\000a\000d\000e\000r\000\040\000s\000i\000x}{paragraph.6.1.1.1.1}% 36
\BOOKMARK [0][-]{chapter.7}{\376\377\0007\000\040\000K\000e\000n\000n\000i\000t\000\366\000l\000u\000r\000\040\000\355\000\040\000\341\000r\000s\000r\000e\000i\000k\000n\000i\000n\000g\000u\000m}{}% 37
\BOOKMARK [1][-]{section.7.1}{\376\377\0007\000.\0001\000\040\000H\000e\000a\000d\000e\000r\000\040\000t\000w\000o}{chapter.7}% 38
\BOOKMARK [2][-]{subsection.7.1.1}{\376\377\0007\000.\0001\000.\0001\000\040\000H\000e\000a\000d\000e\000r\000\040\000t\000h\000r\000e\000e}{section.7.1}% 39
\BOOKMARK [3][-]{subsubsection.7.1.1.1}{\376\377\0007\000.\0001\000.\0001\000.\0001\000\040\000H\000e\000a\000d\000e\000r\000\040\000f\000o\000u\000r}{subsection.7.1.1}% 40
\BOOKMARK [4][-]{paragraph.7.1.1.1.1}{\376\377\0007\000.\0001\000.\0001\000.\0001\000.\0001\000\040\000H\000e\000a\000d\000e\000r\000\040\000f\000i\000v\000e}{subsubsection.7.1.1.1}% 41
\BOOKMARK [5][-]{subparagraph.7.1.1.1.1.1}{\376\377\0007\000.\0001\000.\0001\000.\0001\000.\0001\000.\0001\000\040\000H\000e\000a\000d\000e\000r\000\040\000s\000i\000x}{paragraph.7.1.1.1.1}% 42
\BOOKMARK [0][-]{chapter.8}{\376\377\0008\000\040\000F\000j\000\341\000r\000m\000a\000g\000n\000s\000k\000o\000s\000t\000n\000a\000\360\000u\000r}{}% 43
\BOOKMARK [1][-]{section.8.1}{\376\377\0008\000.\0001\000\040\000H\000e\000a\000d\000e\000r\000\040\000t\000w\000o}{chapter.8}% 44
\BOOKMARK [2][-]{subsection.8.1.1}{\376\377\0008\000.\0001\000.\0001\000\040\000H\000e\000a\000d\000e\000r\000\040\000t\000h\000r\000e\000e}{section.8.1}% 45
\BOOKMARK [3][-]{subsubsection.8.1.1.1}{\376\377\0008\000.\0001\000.\0001\000.\0001\000\040\000H\000e\000a\000d\000e\000r\000\040\000f\000o\000u\000r}{subsection.8.1.1}% 46
\BOOKMARK [4][-]{paragraph.8.1.1.1.1}{\376\377\0008\000.\0001\000.\0001\000.\0001\000.\0001\000\040\000H\000e\000a\000d\000e\000r\000\040\000f\000i\000v\000e}{subsubsection.8.1.1.1}% 47
\BOOKMARK [5][-]{subparagraph.8.1.1.1.1.1}{\376\377\0008\000.\0001\000.\0001\000.\0001\000.\0001\000.\0001\000\040\000H\000e\000a\000d\000e\000r\000\040\000s\000i\000x}{paragraph.8.1.1.1.1}% 48
\BOOKMARK [0][-]{chapter.9}{\376\377\0009\000\040\000V\000e\000r\000\360\000m\000a\000t\000\040\000f\000y\000r\000i\000r\000t\000\346\000k\000j\000a}{}% 49
\BOOKMARK [1][-]{section.9.1}{\376\377\0009\000.\0001\000\040\000H\000e\000a\000d\000e\000r\000\040\000t\000w\000o}{chapter.9}% 50
\BOOKMARK [2][-]{subsection.9.1.1}{\376\377\0009\000.\0001\000.\0001\000\040\000H\000e\000a\000d\000e\000r\000\040\000t\000h\000r\000e\000e}{section.9.1}% 51
\BOOKMARK [3][-]{subsubsection.9.1.1.1}{\376\377\0009\000.\0001\000.\0001\000.\0001\000\040\000H\000e\000a\000d\000e\000r\000\040\000f\000o\000u\000r}{subsection.9.1.1}% 52
\BOOKMARK [4][-]{paragraph.9.1.1.1.1}{\376\377\0009\000.\0001\000.\0001\000.\0001\000.\0001\000\040\000H\000e\000a\000d\000e\000r\000\040\000f\000i\000v\000e}{subsubsection.9.1.1.1}% 53
\BOOKMARK [5][-]{subparagraph.9.1.1.1.1.1}{\376\377\0009\000.\0001\000.\0001\000.\0001\000.\0001\000.\0001\000\040\000H\000e\000a\000d\000e\000r\000\040\000s\000i\000x}{paragraph.9.1.1.1.1}% 54
\BOOKMARK [0][-]{section*.6}{\376\377\000Y\000f\000i\000r\000l\000i\000t}{}% 55
